2026-02-11 17:59:56,491 INFO azure.identity._credentials.managed_identity: ManagedIdentityCredential will use Azure ML managed identity
2026-02-11 17:59:56,493 INFO azure.core.pipeline.policies.http_logging_policy: Request URL: 'https://kv-mlops-aibigbets-dev.vault.azure.net/secrets/bigbets-dev-snowflake-rsakey/?api-version=REDACTED'
Request method: 'GET'
Request headers:
    'Accept': 'application/json'
    'x-ms-client-request-id': '796bc5a6-0773-11f1-a82f-6045bdae1040'
    'User-Agent': 'azsdk-python-keyvault-secrets/4.7.0 Python/3.10.11 (Linux-6.8.0-1030-azure-x86_64-with-glibc2.35)'
No body was attached to the request
2026-02-11 17:59:56,568 INFO azure.core.pipeline.policies.http_logging_policy: Response status: 401
Response headers:
    'Cache-Control': 'no-cache'
    'Pragma': 'no-cache'
    'Content-Type': 'application/json; charset=utf-8'
    'Expires': '-1'
    'x-ms-keyvault-region': 'westus3'
    'x-ms-client-request-id': '796bc5a6-0773-11f1-a82f-6045bdae1040'
    'x-ms-request-id': '414f90fe-eb9d-4347-accb-42681deb667d'
    'x-ms-keyvault-service-version': '1.9.3019.1'
    'x-ms-keyvault-network-info': 'conn_type=PrivateLink;private_endpoint=/subscriptions/4fa11b41-3c24-426f-8d1e-ab9638e020b1/resourceGroups/rg-aibigbets-azml-prod/providers/Microsoft.Network/privateEndpoints/ple-kv-mlops-aibigbets-dev;addr=10.30.34.58;act_addr_fam=InterNetworkV6;'
    'X-Content-Type-Options': 'REDACTED'
    'Strict-Transport-Security': 'REDACTED'
    'WWW-Authenticate': 'Bearer authorization="https://login.microsoftonline.com/da67ef1b-ca59-4db2-9a8c-aa8d94617a16", resource="https://vault.azure.net"'
    'Date': 'Wed, 11 Feb 2026 17:59:56 GMT'
    'Content-Length': '97'
2026-02-11 17:59:56,568 INFO azure.core.pipeline.policies.http_logging_policy: Request URL: 'http://127.0.0.1:46808/MSI/auth?api-version=REDACTED&resource=REDACTED'
Request method: 'GET'
Request headers:
    'secret': 'REDACTED'
    'User-Agent': 'azsdk-python-identity/1.21.0 Python/3.10.11 (Linux-6.8.0-1030-azure-x86_64-with-glibc2.35)'
No body was attached to the request
2026-02-11 17:59:56,571 INFO azure.core.pipeline.policies.http_logging_policy: Response status: 200
Response headers:
    'Content-Type': 'application/json'
    'Date': 'Wed, 11 Feb 2026 17:59:56 GMT'
    'Transfer-Encoding': 'chunked'
2026-02-11 17:59:56,572 INFO azure.identity._internal.msal_managed_identity_client: AzureMLCredential.get_token_info succeeded
2026-02-11 17:59:56,572 INFO azure.identity._internal.decorators: ManagedIdentityCredential.get_token_info succeeded
2026-02-11 17:59:56,572 INFO azure.core.pipeline.policies.http_logging_policy: Request URL: 'https://kv-mlops-aibigbets-dev.vault.azure.net/secrets/bigbets-dev-snowflake-rsakey/?api-version=REDACTED'
Request method: 'GET'
Request headers:
    'Accept': 'application/json'
    'x-ms-client-request-id': '796bc5a6-0773-11f1-a82f-6045bdae1040'
    'User-Agent': 'azsdk-python-keyvault-secrets/4.7.0 Python/3.10.11 (Linux-6.8.0-1030-azure-x86_64-with-glibc2.35)'
    'Authorization': 'REDACTED'
No body was attached to the request
2026-02-11 17:59:56,605 INFO azure.core.pipeline.policies.http_logging_policy: Response status: 200
Response headers:
    'Cache-Control': 'no-cache'
    'Pragma': 'no-cache'
    'Content-Type': 'application/json; charset=utf-8'
    'Expires': '-1'
    'x-ms-keyvault-region': 'westus3'
    'x-ms-client-request-id': '796bc5a6-0773-11f1-a82f-6045bdae1040'
    'x-ms-request-id': '3aa23f5a-5de4-4757-810e-c431ba589455'
    'x-ms-keyvault-service-version': '1.9.3019.1'
    'x-ms-keyvault-network-info': 'conn_type=PrivateLink;private_endpoint=/subscriptions/4fa11b41-3c24-426f-8d1e-ab9638e020b1/resourceGroups/rg-aibigbets-azml-prod/providers/Microsoft.Network/privateEndpoints/ple-kv-mlops-aibigbets-dev;addr=10.30.34.58;act_addr_fam=InterNetworkV6;'
    'x-ms-keyvault-rbac-assignment-id': 'REDACTED'
    'X-Content-Type-Options': 'REDACTED'
    'Strict-Transport-Security': 'REDACTED'
    'Date': 'Wed, 11 Feb 2026 17:59:56 GMT'
    'Content-Length': '2229'
2026-02-11 17:59:56,606 INFO azure.identity._credentials.managed_identity: ManagedIdentityCredential will use Azure ML managed identity
2026-02-11 17:59:56,607 INFO azure.core.pipeline.policies.http_logging_policy: Request URL: 'http://127.0.0.1:46808/MSI/auth?api-version=REDACTED&resource=REDACTED'
Request method: 'GET'
Request headers:
    'secret': 'REDACTED'
    'User-Agent': 'azsdk-python-identity/1.21.0 Python/3.10.11 (Linux-6.8.0-1030-azure-x86_64-with-glibc2.35)'
No body was attached to the request
2026-02-11 17:59:56,609 INFO azure.core.pipeline.policies.http_logging_policy: Response status: 200
Response headers:
    'Content-Type': 'application/json'
    'Date': 'Wed, 11 Feb 2026 17:59:56 GMT'
    'Transfer-Encoding': 'chunked'
2026-02-11 17:59:56,610 INFO azure.identity._internal.msal_managed_identity_client: AzureMLCredential.get_token succeeded
2026-02-11 17:59:56,610 INFO azure.identity._internal.decorators: ManagedIdentityCredential.get_token succeeded
2026-02-11 17:59:56,610 INFO azure.core.pipeline.policies.http_logging_policy: Request URL: 'https://kv-mlops-aibigbets-dev.vault.azure.net/secrets/bigbets-dev-snowflake-pem-passphrase/?api-version=REDACTED'
Request method: 'GET'
Request headers:
    'Accept': 'application/json'
    'x-ms-client-request-id': '797d2b48-0773-11f1-a82f-6045bdae1040'
    'User-Agent': 'azsdk-python-keyvault-secrets/4.7.0 Python/3.10.11 (Linux-6.8.0-1030-azure-x86_64-with-glibc2.35)'
    'Authorization': 'REDACTED'
No body was attached to the request
2026-02-11 17:59:56,800 INFO azure.core.pipeline.policies.http_logging_policy: Response status: 200
Response headers:
    'Cache-Control': 'no-cache'
    'Pragma': 'no-cache'
    'Content-Type': 'application/json; charset=utf-8'
    'Expires': '-1'
    'x-ms-keyvault-region': 'westus3'
    'x-ms-client-request-id': '797d2b48-0773-11f1-a82f-6045bdae1040'
    'x-ms-request-id': 'f6a7fbaf-f32a-466c-8c38-65f06d8ae9f8'
    'x-ms-keyvault-service-version': '1.9.3019.1'
    'x-ms-keyvault-network-info': 'conn_type=PrivateLink;private_endpoint=/subscriptions/4fa11b41-3c24-426f-8d1e-ab9638e020b1/resourceGroups/rg-aibigbets-azml-prod/providers/Microsoft.Network/privateEndpoints/ple-kv-mlops-aibigbets-dev;addr=10.30.34.58;act_addr_fam=InterNetworkV6;'
    'x-ms-keyvault-rbac-assignment-id': 'REDACTED'
    'X-Content-Type-Options': 'REDACTED'
    'Strict-Transport-Security': 'REDACTED'
    'Date': 'Wed, 11 Feb 2026 17:59:56 GMT'
    'Content-Length': '348'
2026-02-11 17:59:56,842 INFO snowflake.connector.connection: Snowflake Connector for Python Version: 4.1.0, Python Version: 3.10.11, Platform: Linux-6.8.0-1030-azure-x86_64-with-glibc2.35
2026-02-11 17:59:56,843 INFO snowflake.connector.connection: Connecting to GLOBAL Snowflake domain
2026-02-11 17:59:57,961 INFO azure.identity._credentials.managed_identity: ManagedIdentityCredential will use Azure ML managed identity
2026-02-11 17:59:57,962 INFO azure.core.pipeline.policies.http_logging_policy: Request URL: 'http://127.0.0.1:46808/MSI/auth?api-version=REDACTED&resource=REDACTED'
Request method: 'GET'
Request headers:
    'secret': 'REDACTED'
    'User-Agent': 'azsdk-python-identity/1.21.0 Python/3.10.11 (Linux-6.8.0-1030-azure-x86_64-with-glibc2.35)'
No body was attached to the request
2026-02-11 17:59:57,964 INFO azure.core.pipeline.policies.http_logging_policy: Response status: 200
Response headers:
    'Content-Type': 'application/json'
    'Date': 'Wed, 11 Feb 2026 17:59:57 GMT'
    'Transfer-Encoding': 'chunked'
2026-02-11 17:59:57,965 INFO azure.identity._internal.msal_managed_identity_client: AzureMLCredential.get_token succeeded
2026-02-11 17:59:57,965 INFO azure.identity._internal.decorators: ManagedIdentityCredential.get_token succeeded
2026-02-11 17:59:57,965 INFO azure.core.pipeline.policies.http_logging_policy: Request URL: 'https://kv-mlops-aibigbets-dev.vault.azure.net/secrets/bigbets-dev-snowflake-rsakey/?api-version=REDACTED'
Request method: 'GET'
Request headers:
    'Accept': 'application/json'
    'x-ms-client-request-id': '7a4bdbe6-0773-11f1-a82f-6045bdae1040'
    'User-Agent': 'azsdk-python-keyvault-secrets/4.7.0 Python/3.10.11 (Linux-6.8.0-1030-azure-x86_64-with-glibc2.35)'
    'Authorization': 'REDACTED'
No body was attached to the request
2026-02-11 17:59:58,055 INFO azure.core.pipeline.policies.http_logging_policy: Response status: 200
Response headers:
    'Cache-Control': 'no-cache'
    'Pragma': 'no-cache'
    'Content-Type': 'application/json; charset=utf-8'
    'Expires': '-1'
    'x-ms-keyvault-region': 'westus3'
    'x-ms-client-request-id': '7a4bdbe6-0773-11f1-a82f-6045bdae1040'
    'x-ms-request-id': '603abf52-7ab9-4d0e-85aa-011ddfa68154'
    'x-ms-keyvault-service-version': '1.9.3019.1'
    'x-ms-keyvault-network-info': 'conn_type=PrivateLink;private_endpoint=/subscriptions/4fa11b41-3c24-426f-8d1e-ab9638e020b1/resourceGroups/rg-aibigbets-azml-prod/providers/Microsoft.Network/privateEndpoints/ple-kv-mlops-aibigbets-dev;addr=10.30.34.58;act_addr_fam=InterNetworkV6;'
    'x-ms-keyvault-rbac-assignment-id': 'REDACTED'
    'X-Content-Type-Options': 'REDACTED'
    'Strict-Transport-Security': 'REDACTED'
    'Date': 'Wed, 11 Feb 2026 17:59:57 GMT'
    'Content-Length': '2229'
2026-02-11 17:59:58,056 INFO azure.identity._credentials.managed_identity: ManagedIdentityCredential will use Azure ML managed identity
2026-02-11 17:59:58,057 INFO azure.core.pipeline.policies.http_logging_policy: Request URL: 'http://127.0.0.1:46808/MSI/auth?api-version=REDACTED&resource=REDACTED'
Request method: 'GET'
Request headers:
    'secret': 'REDACTED'
    'User-Agent': 'azsdk-python-identity/1.21.0 Python/3.10.11 (Linux-6.8.0-1030-azure-x86_64-with-glibc2.35)'
No body was attached to the request
2026-02-11 17:59:58,060 INFO azure.core.pipeline.policies.http_logging_policy: Response status: 200
Response headers:
    'Content-Type': 'application/json'
    'Date': 'Wed, 11 Feb 2026 17:59:58 GMT'
    'Transfer-Encoding': 'chunked'
2026-02-11 17:59:58,060 INFO azure.identity._internal.msal_managed_identity_client: AzureMLCredential.get_token succeeded
2026-02-11 17:59:58,060 INFO azure.identity._internal.decorators: ManagedIdentityCredential.get_token succeeded
2026-02-11 17:59:58,060 INFO azure.core.pipeline.policies.http_logging_policy: Request URL: 'https://kv-mlops-aibigbets-dev.vault.azure.net/secrets/bigbets-dev-snowflake-pem-passphrase/?api-version=REDACTED'
Request method: 'GET'
Request headers:
    'Accept': 'application/json'
    'x-ms-client-request-id': '7a5a64a4-0773-11f1-a82f-6045bdae1040'
    'User-Agent': 'azsdk-python-keyvault-secrets/4.7.0 Python/3.10.11 (Linux-6.8.0-1030-azure-x86_64-with-glibc2.35)'
    'Authorization': 'REDACTED'
No body was attached to the request
2026-02-11 17:59:58,151 INFO azure.core.pipeline.policies.http_logging_policy: Response status: 200
Response headers:
    'Cache-Control': 'no-cache'
    'Pragma': 'no-cache'
    'Content-Type': 'application/json; charset=utf-8'
    'Expires': '-1'
    'x-ms-keyvault-region': 'westus3'
    'x-ms-client-request-id': '7a5a64a4-0773-11f1-a82f-6045bdae1040'
    'x-ms-request-id': '63d78166-d018-477b-9c9b-16731795c9f1'
    'x-ms-keyvault-service-version': '1.9.3019.1'
    'x-ms-keyvault-network-info': 'conn_type=PrivateLink;private_endpoint=/subscriptions/4fa11b41-3c24-426f-8d1e-ab9638e020b1/resourceGroups/rg-aibigbets-azml-prod/providers/Microsoft.Network/privateEndpoints/ple-kv-mlops-aibigbets-dev;addr=10.30.34.58;act_addr_fam=InterNetworkV6;'
    'x-ms-keyvault-rbac-assignment-id': 'REDACTED'
    'X-Content-Type-Options': 'REDACTED'
    'Strict-Transport-Security': 'REDACTED'
    'Date': 'Wed, 11 Feb 2026 17:59:57 GMT'
    'Content-Length': '348'
2026-02-11 17:59:58,191 INFO snowflake.connector.connection: Snowflake Connector for Python Version: 4.1.0, Python Version: 3.10.11, Platform: Linux-6.8.0-1030-azure-x86_64-with-glibc2.35
2026-02-11 17:59:58,192 INFO snowflake.connector.connection: Connecting to GLOBAL Snowflake domain
2026-02-11 17:59:59,363 INFO azure.identity._credentials.managed_identity: ManagedIdentityCredential will use Azure ML managed identity
2026-02-11 17:59:59,364 INFO azure.core.pipeline.policies.http_logging_policy: Request URL: 'http://127.0.0.1:46808/MSI/auth?api-version=REDACTED&resource=REDACTED'
Request method: 'GET'
Request headers:
    'secret': 'REDACTED'
    'User-Agent': 'azsdk-python-identity/1.21.0 Python/3.10.11 (Linux-6.8.0-1030-azure-x86_64-with-glibc2.35)'
No body was attached to the request
2026-02-11 17:59:59,366 INFO azure.core.pipeline.policies.http_logging_policy: Response status: 200
Response headers:
    'Content-Type': 'application/json'
    'Date': 'Wed, 11 Feb 2026 17:59:59 GMT'
    'Transfer-Encoding': 'chunked'
2026-02-11 17:59:59,367 INFO azure.identity._internal.msal_managed_identity_client: AzureMLCredential.get_token succeeded
2026-02-11 17:59:59,367 INFO azure.identity._internal.decorators: ManagedIdentityCredential.get_token succeeded
2026-02-11 17:59:59,367 INFO azure.core.pipeline.policies.http_logging_policy: Request URL: 'https://kv-mlops-aibigbets-dev.vault.azure.net/secrets/bigbets-dev-snowflake-rsakey/?api-version=REDACTED'
Request method: 'GET'
Request headers:
    'Accept': 'application/json'
    'x-ms-client-request-id': '7b21c594-0773-11f1-a82f-6045bdae1040'
    'User-Agent': 'azsdk-python-keyvault-secrets/4.7.0 Python/3.10.11 (Linux-6.8.0-1030-azure-x86_64-with-glibc2.35)'
    'Authorization': 'REDACTED'
No body was attached to the request
2026-02-11 17:59:59,477 INFO azure.core.pipeline.policies.http_logging_policy: Response status: 200
Response headers:
    'Cache-Control': 'no-cache'
    'Pragma': 'no-cache'
    'Content-Type': 'application/json; charset=utf-8'
    'Expires': '-1'
    'x-ms-keyvault-region': 'westus3'
    'x-ms-client-request-id': '7b21c594-0773-11f1-a82f-6045bdae1040'
    'x-ms-request-id': 'b0de1f1d-1c03-447f-83f6-2a6edea47955'
    'x-ms-keyvault-service-version': '1.9.3019.1'
    'x-ms-keyvault-network-info': 'conn_type=PrivateLink;private_endpoint=/subscriptions/4fa11b41-3c24-426f-8d1e-ab9638e020b1/resourceGroups/rg-aibigbets-azml-prod/providers/Microsoft.Network/privateEndpoints/ple-kv-mlops-aibigbets-dev;addr=10.30.34.58;act_addr_fam=InterNetworkV6;'
    'x-ms-keyvault-rbac-assignment-id': 'REDACTED'
    'X-Content-Type-Options': 'REDACTED'
    'Strict-Transport-Security': 'REDACTED'
    'Date': 'Wed, 11 Feb 2026 17:59:58 GMT'
    'Content-Length': '2229'
2026-02-11 17:59:59,479 INFO azure.identity._credentials.managed_identity: ManagedIdentityCredential will use Azure ML managed identity
2026-02-11 17:59:59,480 INFO azure.core.pipeline.policies.http_logging_policy: Request URL: 'http://127.0.0.1:46808/MSI/auth?api-version=REDACTED&resource=REDACTED'
Request method: 'GET'
Request headers:
    'secret': 'REDACTED'
    'User-Agent': 'azsdk-python-identity/1.21.0 Python/3.10.11 (Linux-6.8.0-1030-azure-x86_64-with-glibc2.35)'
No body was attached to the request
2026-02-11 17:59:59,484 INFO azure.core.pipeline.policies.http_logging_policy: Response status: 200
Response headers:
    'Content-Type': 'application/json'
    'Date': 'Wed, 11 Feb 2026 17:59:59 GMT'
    'Transfer-Encoding': 'chunked'
2026-02-11 17:59:59,485 INFO azure.identity._internal.msal_managed_identity_client: AzureMLCredential.get_token succeeded
2026-02-11 17:59:59,485 INFO azure.identity._internal.decorators: ManagedIdentityCredential.get_token succeeded
2026-02-11 17:59:59,485 INFO azure.core.pipeline.policies.http_logging_policy: Request URL: 'https://kv-mlops-aibigbets-dev.vault.azure.net/secrets/bigbets-dev-snowflake-pem-passphrase/?api-version=REDACTED'
Request method: 'GET'
Request headers:
    'Accept': 'application/json'
    'x-ms-client-request-id': '7b338126-0773-11f1-a82f-6045bdae1040'
    'User-Agent': 'azsdk-python-keyvault-secrets/4.7.0 Python/3.10.11 (Linux-6.8.0-1030-azure-x86_64-with-glibc2.35)'
    'Authorization': 'REDACTED'
No body was attached to the request
2026-02-11 17:59:59,545 INFO azure.core.pipeline.policies.http_logging_policy: Response status: 200
Response headers:
    'Cache-Control': 'no-cache'
    'Pragma': 'no-cache'
    'Content-Type': 'application/json; charset=utf-8'
    'Expires': '-1'
    'x-ms-keyvault-region': 'westus3'
    'x-ms-client-request-id': '7b338126-0773-11f1-a82f-6045bdae1040'
    'x-ms-request-id': 'c136e51f-2e42-4d4d-a5a7-e8e5d1f68cb6'
    'x-ms-keyvault-service-version': '1.9.3019.1'
    'x-ms-keyvault-network-info': 'conn_type=PrivateLink;private_endpoint=/subscriptions/4fa11b41-3c24-426f-8d1e-ab9638e020b1/resourceGroups/rg-aibigbets-azml-prod/providers/Microsoft.Network/privateEndpoints/ple-kv-mlops-aibigbets-dev;addr=10.30.34.58;act_addr_fam=InterNetworkV6;'
    'x-ms-keyvault-rbac-assignment-id': 'REDACTED'
    'X-Content-Type-Options': 'REDACTED'
    'Strict-Transport-Security': 'REDACTED'
    'Date': 'Wed, 11 Feb 2026 17:59:59 GMT'
    'Content-Length': '348'
2026-02-11 17:59:59,587 INFO snowflake.connector.connection: Snowflake Connector for Python Version: 4.1.0, Python Version: 3.10.11, Platform: Linux-6.8.0-1030-azure-x86_64-with-glibc2.35
2026-02-11 17:59:59,587 INFO snowflake.connector.connection: Connecting to GLOBAL Snowflake domain
2026-02-11 18:00:09,608 INFO azure.identity._credentials.managed_identity: ManagedIdentityCredential will use Azure ML managed identity
2026-02-11 18:00:09,609 INFO azure.core.pipeline.policies.http_logging_policy: Request URL: 'http://127.0.0.1:46808/MSI/auth?api-version=REDACTED&resource=REDACTED'
Request method: 'GET'
Request headers:
    'secret': 'REDACTED'
    'User-Agent': 'azsdk-python-identity/1.21.0 Python/3.10.11 (Linux-6.8.0-1030-azure-x86_64-with-glibc2.35)'
No body was attached to the request
2026-02-11 18:00:09,612 INFO azure.core.pipeline.policies.http_logging_policy: Response status: 200
Response headers:
    'Content-Type': 'application/json'
    'Date': 'Wed, 11 Feb 2026 18:00:09 GMT'
    'Transfer-Encoding': 'chunked'
2026-02-11 18:00:09,612 INFO azure.identity._internal.msal_managed_identity_client: AzureMLCredential.get_token succeeded
2026-02-11 18:00:09,612 INFO azure.identity._internal.decorators: ManagedIdentityCredential.get_token succeeded
2026-02-11 18:00:09,613 INFO azure.core.pipeline.policies.http_logging_policy: Request URL: 'https://kv-mlops-aibigbets-dev.vault.azure.net/secrets/bigbets-dev-snowflake-rsakey/?api-version=REDACTED'
Request method: 'GET'
Request headers:
    'Accept': 'application/json'
    'x-ms-client-request-id': '813d0c0e-0773-11f1-a82f-6045bdae1040'
    'User-Agent': 'azsdk-python-keyvault-secrets/4.7.0 Python/3.10.11 (Linux-6.8.0-1030-azure-x86_64-with-glibc2.35)'
    'Authorization': 'REDACTED'
No body was attached to the request
2026-02-11 18:00:09,789 INFO azure.core.pipeline.policies.http_logging_policy: Response status: 200
Response headers:
    'Cache-Control': 'no-cache'
    'Pragma': 'no-cache'
    'Content-Type': 'application/json; charset=utf-8'
    'Expires': '-1'
    'x-ms-keyvault-region': 'westus3'
    'x-ms-client-request-id': '813d0c0e-0773-11f1-a82f-6045bdae1040'
    'x-ms-request-id': '9c96fe3e-e4a5-45b5-a169-2625dbed934f'
    'x-ms-keyvault-service-version': '1.9.3019.1'
    'x-ms-keyvault-network-info': 'conn_type=PrivateLink;private_endpoint=/subscriptions/4fa11b41-3c24-426f-8d1e-ab9638e020b1/resourceGroups/rg-aibigbets-azml-prod/providers/Microsoft.Network/privateEndpoints/ple-kv-mlops-aibigbets-dev;addr=10.30.34.58;act_addr_fam=InterNetworkV6;'
    'x-ms-keyvault-rbac-assignment-id': 'REDACTED'
    'X-Content-Type-Options': 'REDACTED'
    'Strict-Transport-Security': 'REDACTED'
    'Date': 'Wed, 11 Feb 2026 18:00:09 GMT'
    'Content-Length': '2229'
2026-02-11 18:00:09,791 INFO azure.identity._credentials.managed_identity: ManagedIdentityCredential will use Azure ML managed identity
2026-02-11 18:00:09,792 INFO azure.core.pipeline.policies.http_logging_policy: Request URL: 'http://127.0.0.1:46808/MSI/auth?api-version=REDACTED&resource=REDACTED'
Request method: 'GET'
Request headers:
    'secret': 'REDACTED'
    'User-Agent': 'azsdk-python-identity/1.21.0 Python/3.10.11 (Linux-6.8.0-1030-azure-x86_64-with-glibc2.35)'
No body was attached to the request
2026-02-11 18:00:09,795 INFO azure.core.pipeline.policies.http_logging_policy: Response status: 200
Response headers:
    'Content-Type': 'application/json'
    'Date': 'Wed, 11 Feb 2026 18:00:09 GMT'
    'Transfer-Encoding': 'chunked'
2026-02-11 18:00:09,795 INFO azure.identity._internal.msal_managed_identity_client: AzureMLCredential.get_token succeeded
2026-02-11 18:00:09,795 INFO azure.identity._internal.decorators: ManagedIdentityCredential.get_token succeeded
2026-02-11 18:00:09,796 INFO azure.core.pipeline.policies.http_logging_policy: Request URL: 'https://kv-mlops-aibigbets-dev.vault.azure.net/secrets/bigbets-dev-snowflake-pem-passphrase/?api-version=REDACTED'
Request method: 'GET'
Request headers:
    'Accept': 'application/json'
    'x-ms-client-request-id': '8158fc84-0773-11f1-a82f-6045bdae1040'
    'User-Agent': 'azsdk-python-keyvault-secrets/4.7.0 Python/3.10.11 (Linux-6.8.0-1030-azure-x86_64-with-glibc2.35)'
    'Authorization': 'REDACTED'
No body was attached to the request
2026-02-11 18:00:09,896 INFO azure.core.pipeline.policies.http_logging_policy: Response status: 200
Response headers:
    'Cache-Control': 'no-cache'
    'Pragma': 'no-cache'
    'Content-Type': 'application/json; charset=utf-8'
    'Expires': '-1'
    'x-ms-keyvault-region': 'westus3'
    'x-ms-client-request-id': '8158fc84-0773-11f1-a82f-6045bdae1040'
    'x-ms-request-id': '73f82bf4-8735-4efe-8484-d5af4bb21029'
    'x-ms-keyvault-service-version': '1.9.3019.1'
    'x-ms-keyvault-network-info': 'conn_type=PrivateLink;private_endpoint=/subscriptions/4fa11b41-3c24-426f-8d1e-ab9638e020b1/resourceGroups/rg-aibigbets-azml-prod/providers/Microsoft.Network/privateEndpoints/ple-kv-mlops-aibigbets-dev;addr=10.30.34.58;act_addr_fam=InterNetworkV6;'
    'x-ms-keyvault-rbac-assignment-id': 'REDACTED'
    'X-Content-Type-Options': 'REDACTED'
    'Strict-Transport-Security': 'REDACTED'
    'Date': 'Wed, 11 Feb 2026 18:00:09 GMT'
    'Content-Length': '348'
2026-02-11 18:00:09,936 INFO snowflake.connector.connection: Snowflake Connector for Python Version: 4.1.0, Python Version: 3.10.11, Platform: Linux-6.8.0-1030-azure-x86_64-with-glibc2.35
2026-02-11 18:00:09,936 INFO snowflake.connector.connection: Connecting to GLOBAL Snowflake domain
2026-02-11 18:00:11,143 INFO azure.identity._credentials.managed_identity: ManagedIdentityCredential will use Azure ML managed identity
2026-02-11 18:00:11,145 INFO azure.core.pipeline.policies.http_logging_policy: Request URL: 'http://127.0.0.1:46808/MSI/auth?api-version=REDACTED&resource=REDACTED'
Request method: 'GET'
Request headers:
    'secret': 'REDACTED'
    'User-Agent': 'azsdk-python-identity/1.21.0 Python/3.10.11 (Linux-6.8.0-1030-azure-x86_64-with-glibc2.35)'
No body was attached to the request
2026-02-11 18:00:11,148 INFO azure.core.pipeline.policies.http_logging_policy: Response status: 200
Response headers:
    'Content-Type': 'application/json'
    'Date': 'Wed, 11 Feb 2026 18:00:11 GMT'
    'Transfer-Encoding': 'chunked'
2026-02-11 18:00:11,149 INFO azure.identity._internal.msal_managed_identity_client: AzureMLCredential.get_token succeeded
2026-02-11 18:00:11,149 INFO azure.identity._internal.decorators: ManagedIdentityCredential.get_token succeeded
2026-02-11 18:00:11,149 INFO azure.core.pipeline.policies.http_logging_policy: Request URL: 'https://kv-mlops-aibigbets-dev.vault.azure.net/secrets/bigbets-dev-snowflake-rsakey/?api-version=REDACTED'
Request method: 'GET'
Request headers:
    'Accept': 'application/json'
    'x-ms-client-request-id': '82276240-0773-11f1-a82f-6045bdae1040'
    'User-Agent': 'azsdk-python-keyvault-secrets/4.7.0 Python/3.10.11 (Linux-6.8.0-1030-azure-x86_64-with-glibc2.35)'
    'Authorization': 'REDACTED'
No body was attached to the request
2026-02-11 18:00:11,256 INFO azure.core.pipeline.policies.http_logging_policy: Response status: 200
Response headers:
    'Cache-Control': 'no-cache'
    'Pragma': 'no-cache'
    'Content-Type': 'application/json; charset=utf-8'
    'Expires': '-1'
    'x-ms-keyvault-region': 'westus3'
    'x-ms-client-request-id': '82276240-0773-11f1-a82f-6045bdae1040'
    'x-ms-request-id': '383b6fb4-9dbb-4d2e-92b1-826ad76a727a'
    'x-ms-keyvault-service-version': '1.9.3019.1'
    'x-ms-keyvault-network-info': 'conn_type=PrivateLink;private_endpoint=/subscriptions/4fa11b41-3c24-426f-8d1e-ab9638e020b1/resourceGroups/rg-aibigbets-azml-prod/providers/Microsoft.Network/privateEndpoints/ple-kv-mlops-aibigbets-dev;addr=10.30.34.58;act_addr_fam=InterNetworkV6;'
    'x-ms-keyvault-rbac-assignment-id': 'REDACTED'
    'X-Content-Type-Options': 'REDACTED'
    'Strict-Transport-Security': 'REDACTED'
    'Date': 'Wed, 11 Feb 2026 18:00:10 GMT'
    'Content-Length': '2229'
2026-02-11 18:00:11,257 INFO azure.identity._credentials.managed_identity: ManagedIdentityCredential will use Azure ML managed identity
2026-02-11 18:00:11,258 INFO azure.core.pipeline.policies.http_logging_policy: Request URL: 'http://127.0.0.1:46808/MSI/auth?api-version=REDACTED&resource=REDACTED'
Request method: 'GET'
Request headers:
    'secret': 'REDACTED'
    'User-Agent': 'azsdk-python-identity/1.21.0 Python/3.10.11 (Linux-6.8.0-1030-azure-x86_64-with-glibc2.35)'
No body was attached to the request
2026-02-11 18:00:11,260 INFO azure.core.pipeline.policies.http_logging_policy: Response status: 200
Response headers:
    'Content-Type': 'application/json'
    'Date': 'Wed, 11 Feb 2026 18:00:11 GMT'
    'Transfer-Encoding': 'chunked'
2026-02-11 18:00:11,261 INFO azure.identity._internal.msal_managed_identity_client: AzureMLCredential.get_token succeeded
2026-02-11 18:00:11,261 INFO azure.identity._internal.decorators: ManagedIdentityCredential.get_token succeeded
2026-02-11 18:00:11,261 INFO azure.core.pipeline.policies.http_logging_policy: Request URL: 'https://kv-mlops-aibigbets-dev.vault.azure.net/secrets/bigbets-dev-snowflake-pem-passphrase/?api-version=REDACTED'
Request method: 'GET'
Request headers:
    'Accept': 'application/json'
    'x-ms-client-request-id': '8238abb8-0773-11f1-a82f-6045bdae1040'
    'User-Agent': 'azsdk-python-keyvault-secrets/4.7.0 Python/3.10.11 (Linux-6.8.0-1030-azure-x86_64-with-glibc2.35)'
    'Authorization': 'REDACTED'
No body was attached to the request
2026-02-11 18:00:11,455 INFO azure.core.pipeline.policies.http_logging_policy: Response status: 200
Response headers:
    'Cache-Control': 'no-cache'
    'Pragma': 'no-cache'
    'Content-Type': 'application/json; charset=utf-8'
    'Expires': '-1'
    'x-ms-keyvault-region': 'westus3'
    'x-ms-client-request-id': '8238abb8-0773-11f1-a82f-6045bdae1040'
    'x-ms-request-id': 'fdcb090e-6164-4cdb-b60e-679836d332e4'
    'x-ms-keyvault-service-version': '1.9.3019.1'
    'x-ms-keyvault-network-info': 'conn_type=PrivateLink;private_endpoint=/subscriptions/4fa11b41-3c24-426f-8d1e-ab9638e020b1/resourceGroups/rg-aibigbets-azml-prod/providers/Microsoft.Network/privateEndpoints/ple-kv-mlops-aibigbets-dev;addr=10.30.34.58;act_addr_fam=InterNetworkV6;'
    'x-ms-keyvault-rbac-assignment-id': 'REDACTED'
    'X-Content-Type-Options': 'REDACTED'
    'Strict-Transport-Security': 'REDACTED'
    'Date': 'Wed, 11 Feb 2026 18:00:10 GMT'
    'Content-Length': '348'
2026-02-11 18:00:11,495 INFO snowflake.connector.connection: Snowflake Connector for Python Version: 4.1.0, Python Version: 3.10.11, Platform: Linux-6.8.0-1030-azure-x86_64-with-glibc2.35
2026-02-11 18:00:11,496 INFO snowflake.connector.connection: Connecting to GLOBAL Snowflake domain
2026-02-11 18:00:13,730 INFO azure.identity._credentials.managed_identity: ManagedIdentityCredential will use Azure ML managed identity
2026-02-11 18:00:13,732 INFO azure.core.pipeline.policies.http_logging_policy: Request URL: 'http://127.0.0.1:46808/MSI/auth?api-version=REDACTED&resource=REDACTED'
Request method: 'GET'
Request headers:
    'secret': 'REDACTED'
    'User-Agent': 'azsdk-python-identity/1.21.0 Python/3.10.11 (Linux-6.8.0-1030-azure-x86_64-with-glibc2.35)'
No body was attached to the request
2026-02-11 18:00:13,734 INFO azure.core.pipeline.policies.http_logging_policy: Response status: 200
Response headers:
    'Content-Type': 'application/json'
    'Date': 'Wed, 11 Feb 2026 18:00:13 GMT'
    'Transfer-Encoding': 'chunked'
2026-02-11 18:00:13,734 INFO azure.identity._internal.msal_managed_identity_client: AzureMLCredential.get_token succeeded
2026-02-11 18:00:13,735 INFO azure.identity._internal.decorators: ManagedIdentityCredential.get_token succeeded
2026-02-11 18:00:13,735 INFO azure.core.pipeline.policies.http_logging_policy: Request URL: 'https://kv-mlops-aibigbets-dev.vault.azure.net/secrets/bigbets-dev-snowflake-rsakey/?api-version=REDACTED'
Request method: 'GET'
Request headers:
    'Accept': 'application/json'
    'x-ms-client-request-id': '83b21b28-0773-11f1-a82f-6045bdae1040'
    'User-Agent': 'azsdk-python-keyvault-secrets/4.7.0 Python/3.10.11 (Linux-6.8.0-1030-azure-x86_64-with-glibc2.35)'
    'Authorization': 'REDACTED'
No body was attached to the request
2026-02-11 18:00:13,826 INFO azure.core.pipeline.policies.http_logging_policy: Response status: 200
Response headers:
    'Cache-Control': 'no-cache'
    'Pragma': 'no-cache'
    'Content-Type': 'application/json; charset=utf-8'
    'Expires': '-1'
    'x-ms-keyvault-region': 'westus3'
    'x-ms-client-request-id': '83b21b28-0773-11f1-a82f-6045bdae1040'
    'x-ms-request-id': '5f43e4df-f79d-43f7-88b5-5a05cf9a3662'
    'x-ms-keyvault-service-version': '1.9.3019.1'
    'x-ms-keyvault-network-info': 'conn_type=PrivateLink;private_endpoint=/subscriptions/4fa11b41-3c24-426f-8d1e-ab9638e020b1/resourceGroups/rg-aibigbets-azml-prod/providers/Microsoft.Network/privateEndpoints/ple-kv-mlops-aibigbets-dev;addr=10.30.34.58;act_addr_fam=InterNetworkV6;'
    'x-ms-keyvault-rbac-assignment-id': 'REDACTED'
    'X-Content-Type-Options': 'REDACTED'
    'Strict-Transport-Security': 'REDACTED'
    'Date': 'Wed, 11 Feb 2026 18:00:13 GMT'
    'Content-Length': '2229'
2026-02-11 18:00:13,828 INFO azure.identity._credentials.managed_identity: ManagedIdentityCredential will use Azure ML managed identity
2026-02-11 18:00:13,829 INFO azure.core.pipeline.policies.http_logging_policy: Request URL: 'http://127.0.0.1:46808/MSI/auth?api-version=REDACTED&resource=REDACTED'
Request method: 'GET'
Request headers:
    'secret': 'REDACTED'
    'User-Agent': 'azsdk-python-identity/1.21.0 Python/3.10.11 (Linux-6.8.0-1030-azure-x86_64-with-glibc2.35)'
No body was attached to the request
2026-02-11 18:00:13,831 INFO azure.core.pipeline.policies.http_logging_policy: Response status: 200
Response headers:
    'Content-Type': 'application/json'
    'Date': 'Wed, 11 Feb 2026 18:00:13 GMT'
    'Transfer-Encoding': 'chunked'
2026-02-11 18:00:13,831 INFO azure.identity._internal.msal_managed_identity_client: AzureMLCredential.get_token succeeded
2026-02-11 18:00:13,831 INFO azure.identity._internal.decorators: ManagedIdentityCredential.get_token succeeded
2026-02-11 18:00:13,832 INFO azure.core.pipeline.policies.http_logging_policy: Request URL: 'https://kv-mlops-aibigbets-dev.vault.azure.net/secrets/bigbets-dev-snowflake-pem-passphrase/?api-version=REDACTED'
Request method: 'GET'
Request headers:
    'Accept': 'application/json'
    'x-ms-client-request-id': '83c0e860-0773-11f1-a82f-6045bdae1040'
    'User-Agent': 'azsdk-python-keyvault-secrets/4.7.0 Python/3.10.11 (Linux-6.8.0-1030-azure-x86_64-with-glibc2.35)'
    'Authorization': 'REDACTED'
No body was attached to the request
2026-02-11 18:00:13,922 INFO azure.core.pipeline.policies.http_logging_policy: Response status: 200
Response headers:
    'Cache-Control': 'no-cache'
    'Pragma': 'no-cache'
    'Content-Type': 'application/json; charset=utf-8'
    'Expires': '-1'
    'x-ms-keyvault-region': 'westus3'
    'x-ms-client-request-id': '83c0e860-0773-11f1-a82f-6045bdae1040'
    'x-ms-request-id': '3b8b7eae-e7f2-4187-99e8-2509fd7472d8'
    'x-ms-keyvault-service-version': '1.9.3019.1'
    'x-ms-keyvault-network-info': 'conn_type=PrivateLink;private_endpoint=/subscriptions/4fa11b41-3c24-426f-8d1e-ab9638e020b1/resourceGroups/rg-aibigbets-azml-prod/providers/Microsoft.Network/privateEndpoints/ple-kv-mlops-aibigbets-dev;addr=10.30.34.58;act_addr_fam=InterNetworkV6;'
    'x-ms-keyvault-rbac-assignment-id': 'REDACTED'
    'X-Content-Type-Options': 'REDACTED'
    'Strict-Transport-Security': 'REDACTED'
    'Date': 'Wed, 11 Feb 2026 18:00:13 GMT'
    'Content-Length': '348'
2026-02-11 18:00:13,962 INFO snowflake.connector.connection: Snowflake Connector for Python Version: 4.1.0, Python Version: 3.10.11, Platform: Linux-6.8.0-1030-azure-x86_64-with-glibc2.35
2026-02-11 18:00:13,962 INFO snowflake.connector.connection: Connecting to GLOBAL Snowflake domain
